<?xml version="1.0" encoding="UTF-8"?>
<testng-results ignored="0" total="5" passed="4" failed="1" skipped="0">
  <reporter-output>
    <line>
      <![CDATA[Before Test]]>
    </line>
    <line>
      <![CDATA[Browser Launched Successfully]]>
    </line>
    <line>
      <![CDATA[Log in Successful ]]>
    </line>
    <line>
      <![CDATA[Accessories is Dispalyed]]>
    </line>
    <line>
      <![CDATA[Log out successful]]>
    </line>
    <line>
      <![CDATA[Log in Successful ]]>
    </line>
    <line>
      <![CDATA[Log out successful]]>
    </line>
    <line>
      <![CDATA[Log in Successful ]]>
    </line>
    <line>
      <![CDATA[Computer Page is Displayed]]>
    </line>
    <line>
      <![CDATA[Log out successful]]>
    </line>
    <line>
      <![CDATA[Log in Successful ]]>
    </line>
    <line>
      <![CDATA[Notebooks is Dispalyed]]>
    </line>
    <line>
      <![CDATA[Log out successful]]>
    </line>
    <line>
      <![CDATA[Log in Successful ]]>
    </line>
    <line>
      <![CDATA[Log out successful]]>
    </line>
    <line>
      <![CDATA[Browser is Closed]]>
    </line>
    <line>
      <![CDATA[After Test]]>
    </line>
    <line>
      <![CDATA[Database Connection Closed]]>
    </line>
  </reporter-output>
  <suite started-at="2024-04-16T12:50:25 IST" name="Default suite" finished-at="2024-04-16T12:53:15 IST" duration-ms="170051">
    <groups>
    </groups>
    <test started-at="2024-04-16T12:50:25 IST" name="Default test" finished-at="2024-04-16T12:53:15 IST" duration-ms="170051">
      <class name="testNgBasics.BooksTest">
        <test-method is-config="true" signature="BS()[pri:0, instance:testNgBasics.BooksTest@6f43c82]" started-at="2024-04-16T12:50:23 IST" name="BS" finished-at="2024-04-16T12:50:25 IST" duration-ms="1480" status="PASS">
          <reporter-output>
          </reporter-output>
        </test-method> <!-- BS -->
        <test-method is-config="true" signature="BT()[pri:0, instance:testNgBasics.BooksTest@6f43c82]" started-at="2024-04-16T12:50:25 IST" name="BT" finished-at="2024-04-16T12:50:25 IST" duration-ms="4" status="PASS">
          <reporter-output>
            <line>
              <![CDATA[Before Test]]>
            </line>
          </reporter-output>
        </test-method> <!-- BT -->
        <test-method is-config="true" signature="launchBrowser()[pri:0, instance:testNgBasics.BooksTest@6f43c82]" started-at="2024-04-16T12:50:25 IST" name="launchBrowser" finished-at="2024-04-16T12:52:03 IST" duration-ms="98335" status="PASS">
          <reporter-output>
            <line>
              <![CDATA[Browser Launched Successfully]]>
            </line>
          </reporter-output>
        </test-method> <!-- launchBrowser -->
        <test-method is-config="true" signature="Login(java.lang.reflect.Method)[pri:0, instance:testNgBasics.BooksTest@6f43c82]" started-at="2024-04-16T12:52:04 IST" name="Login" finished-at="2024-04-16T12:52:15 IST" duration-ms="11325" status="PASS">
          <params>
            <param index="0">
              <value>
                <![CDATA[public void testNgBasics.BooksTest.Accessories_001()]]>
              </value>
            </param>
          </params>
          <reporter-output>
            <line>
              <![CDATA[Log in Successful ]]>
            </line>
          </reporter-output>
        </test-method> <!-- Login -->
        <test-method signature="Accessories_001()[pri:0, instance:testNgBasics.BooksTest@6f43c82]" started-at="2024-04-16T12:52:15 IST" name="Accessories_001" finished-at="2024-04-16T12:52:18 IST" duration-ms="2857" status="PASS">
          <reporter-output>
            <line>
              <![CDATA[Accessories is Dispalyed]]>
            </line>
          </reporter-output>
        </test-method> <!-- Accessories_001 -->
        <test-method is-config="true" signature="Logout()[pri:0, instance:testNgBasics.BooksTest@6f43c82]" started-at="2024-04-16T12:52:18 IST" name="Logout" finished-at="2024-04-16T12:52:20 IST" duration-ms="1661" status="PASS">
          <reporter-output>
            <line>
              <![CDATA[Log out successful]]>
            </line>
          </reporter-output>
        </test-method> <!-- Logout -->
        <test-method is-config="true" signature="Login(java.lang.reflect.Method)[pri:0, instance:testNgBasics.BooksTest@6f43c82]" started-at="2024-04-16T12:52:20 IST" name="Login" finished-at="2024-04-16T12:52:24 IST" duration-ms="4006" status="PASS">
          <params>
            <param index="0">
              <value>
                <![CDATA[public void testNgBasics.BooksTest.Book_001()]]>
              </value>
            </param>
          </params>
          <reporter-output>
            <line>
              <![CDATA[Log in Successful ]]>
            </line>
          </reporter-output>
        </test-method> <!-- Login -->
        <test-method signature="Book_001()[pri:0, instance:testNgBasics.BooksTest@6f43c82]" started-at="2024-04-16T12:52:24 IST" name="Book_001" finished-at="2024-04-16T12:52:28 IST" duration-ms="4489" status="FAIL">
          <exception class="java.lang.AssertionError">
            <message>
              <![CDATA[Book Page is not Displayed expected [computers] but found [Books]]]>
            </message>
            <full-stacktrace>
              <![CDATA[java.lang.AssertionError: Book Page is not Displayed expected [computers] but found [Books]
at org.testng.Assert.fail(Assert.java:111)
at org.testng.Assert.failNotEquals(Assert.java:1578)
at org.testng.Assert.assertEqualsImpl(Assert.java:150)
at org.testng.Assert.assertEquals(Assert.java:132)
at org.testng.Assert.assertEquals(Assert.java:656)
at testNgBasics.BooksTest.Book_001(BooksTest.java:22)
at java.base/jdk.internal.reflect.NativeMethodAccessorImpl.invoke0(Native Method)
at java.base/jdk.internal.reflect.NativeMethodAccessorImpl.invoke(NativeMethodAccessorImpl.java:77)
at java.base/jdk.internal.reflect.DelegatingMethodAccessorImpl.invoke(DelegatingMethodAccessorImpl.java:43)
at java.base/java.lang.reflect.Method.invoke(Method.java:568)
at org.testng.internal.invokers.MethodInvocationHelper.invokeMethod(MethodInvocationHelper.java:139)
at org.testng.internal.invokers.TestInvoker.invokeMethod(TestInvoker.java:664)
at org.testng.internal.invokers.TestInvoker.invokeTestMethod(TestInvoker.java:228)
at org.testng.internal.invokers.MethodRunner.runInSequence(MethodRunner.java:63)
at org.testng.internal.invokers.TestInvoker$MethodInvocationAgent.invoke(TestInvoker.java:961)
at org.testng.internal.invokers.TestInvoker.invokeTestMethods(TestInvoker.java:201)
at org.testng.internal.invokers.TestMethodWorker.invokeTestMethods(TestMethodWorker.java:148)
at org.testng.internal.invokers.TestMethodWorker.run(TestMethodWorker.java:128)
at java.base/java.util.ArrayList.forEach(ArrayList.java:1511)
at org.testng.TestRunner.privateRun(TestRunner.java:819)
at org.testng.TestRunner.run(TestRunner.java:619)
at org.testng.SuiteRunner.runTest(SuiteRunner.java:443)
at org.testng.SuiteRunner.runSequentially(SuiteRunner.java:437)
at org.testng.SuiteRunner.privateRun(SuiteRunner.java:397)
at org.testng.SuiteRunner.run(SuiteRunner.java:336)
at org.testng.SuiteRunnerWorker.runSuite(SuiteRunnerWorker.java:52)
at org.testng.SuiteRunnerWorker.run(SuiteRunnerWorker.java:95)
at org.testng.TestNG.runSuitesSequentially(TestNG.java:1301)
at org.testng.TestNG.runSuitesLocally(TestNG.java:1228)
at org.testng.TestNG.runSuites(TestNG.java:1134)
at org.testng.TestNG.run(TestNG.java:1101)
at org.testng.remote.AbstractRemoteTestNG.run(AbstractRemoteTestNG.java:115)
at org.testng.remote.RemoteTestNG.initAndRun(RemoteTestNG.java:251)
at org.testng.remote.RemoteTestNG.main(RemoteTestNG.java:77)
]]>
            </full-stacktrace>
          </exception> <!-- java.lang.AssertionError -->
          <reporter-output>
          </reporter-output>
        </test-method> <!-- Book_001 -->
        <test-method is-config="true" signature="Logout()[pri:0, instance:testNgBasics.BooksTest@6f43c82]" started-at="2024-04-16T12:52:28 IST" name="Logout" finished-at="2024-04-16T12:52:30 IST" duration-ms="2059" status="PASS">
          <reporter-output>
            <line>
              <![CDATA[Log out successful]]>
            </line>
          </reporter-output>
        </test-method> <!-- Logout -->
        <test-method is-config="true" signature="Login(java.lang.reflect.Method)[pri:0, instance:testNgBasics.BooksTest@6f43c82]" started-at="2024-04-16T12:52:30 IST" name="Login" finished-at="2024-04-16T12:52:36 IST" duration-ms="6281" status="PASS">
          <params>
            <param index="0">
              <value>
                <![CDATA[public void testNgBasics.BooksTest.Computers_001()]]>
              </value>
            </param>
          </params>
          <reporter-output>
            <line>
              <![CDATA[Log in Successful ]]>
            </line>
          </reporter-output>
        </test-method> <!-- Login -->
        <test-method signature="Computers_001()[pri:0, instance:testNgBasics.BooksTest@6f43c82]" started-at="2024-04-16T12:52:36 IST" name="Computers_001" finished-at="2024-04-16T12:52:38 IST" duration-ms="1450" status="PASS">
          <reporter-output>
            <line>
              <![CDATA[Computer Page is Displayed]]>
            </line>
          </reporter-output>
        </test-method> <!-- Computers_001 -->
        <test-method is-config="true" signature="Logout()[pri:0, instance:testNgBasics.BooksTest@6f43c82]" started-at="2024-04-16T12:52:38 IST" name="Logout" finished-at="2024-04-16T12:52:40 IST" duration-ms="1775" status="PASS">
          <reporter-output>
            <line>
              <![CDATA[Log out successful]]>
            </line>
          </reporter-output>
        </test-method> <!-- Logout -->
        <test-method is-config="true" signature="Login(java.lang.reflect.Method)[pri:0, instance:testNgBasics.BooksTest@6f43c82]" started-at="2024-04-16T12:52:40 IST" name="Login" finished-at="2024-04-16T12:52:51 IST" duration-ms="11362" status="PASS">
          <params>
            <param index="0">
              <value>
                <![CDATA[public void testNgBasics.BooksTest.Notebooks_001()]]>
              </value>
            </param>
          </params>
          <reporter-output>
            <line>
              <![CDATA[Log in Successful ]]>
            </line>
          </reporter-output>
        </test-method> <!-- Login -->
        <test-method signature="Notebooks_001()[pri:0, instance:testNgBasics.BooksTest@6f43c82]" started-at="2024-04-16T12:52:51 IST" name="Notebooks_001" finished-at="2024-04-16T12:52:55 IST" duration-ms="4341" status="PASS">
          <reporter-output>
            <line>
              <![CDATA[Notebooks is Dispalyed]]>
            </line>
          </reporter-output>
        </test-method> <!-- Notebooks_001 -->
        <test-method is-config="true" signature="Logout()[pri:0, instance:testNgBasics.BooksTest@6f43c82]" started-at="2024-04-16T12:52:55 IST" name="Logout" finished-at="2024-04-16T12:52:58 IST" duration-ms="2718" status="PASS">
          <reporter-output>
            <line>
              <![CDATA[Log out successful]]>
            </line>
          </reporter-output>
        </test-method> <!-- Logout -->
        <test-method is-config="true" signature="Login(java.lang.reflect.Method)[pri:0, instance:testNgBasics.BooksTest@6f43c82]" started-at="2024-04-16T12:52:58 IST" name="Login" finished-at="2024-04-16T12:53:02 IST" duration-ms="3778" status="PASS">
          <params>
            <param index="0">
              <value>
                <![CDATA[public void testNgBasics.BooksTest.books_002()]]>
              </value>
            </param>
          </params>
          <reporter-output>
            <line>
              <![CDATA[Log in Successful ]]>
            </line>
          </reporter-output>
        </test-method> <!-- Login -->
        <test-method signature="books_002()[pri:1, instance:testNgBasics.BooksTest@6f43c82]" started-at="2024-04-16T12:53:02 IST" name="books_002" finished-at="2024-04-16T12:53:10 IST" duration-ms="8309" status="PASS">
          <reporter-output>
          </reporter-output>
        </test-method> <!-- books_002 -->
        <test-method is-config="true" signature="Logout()[pri:0, instance:testNgBasics.BooksTest@6f43c82]" started-at="2024-04-16T12:53:10 IST" name="Logout" finished-at="2024-04-16T12:53:13 IST" duration-ms="2582" status="PASS">
          <reporter-output>
            <line>
              <![CDATA[Log out successful]]>
            </line>
          </reporter-output>
        </test-method> <!-- Logout -->
        <test-method is-config="true" signature="closeBrowser()[pri:0, instance:testNgBasics.BooksTest@6f43c82]" started-at="2024-04-16T12:53:13 IST" name="closeBrowser" finished-at="2024-04-16T12:53:15 IST" duration-ms="2248" status="PASS">
          <reporter-output>
            <line>
              <![CDATA[Browser is Closed]]>
            </line>
          </reporter-output>
        </test-method> <!-- closeBrowser -->
        <test-method is-config="true" signature="AT()[pri:0, instance:testNgBasics.BooksTest@6f43c82]" started-at="2024-04-16T12:53:15 IST" name="AT" finished-at="2024-04-16T12:53:15 IST" duration-ms="1" status="PASS">
          <reporter-output>
            <line>
              <![CDATA[After Test]]>
            </line>
          </reporter-output>
        </test-method> <!-- AT -->
        <test-method is-config="true" signature="AS()[pri:0, instance:testNgBasics.BooksTest@6f43c82]" started-at="2024-04-16T12:53:15 IST" name="AS" finished-at="2024-04-16T12:53:17 IST" duration-ms="1659" status="PASS">
          <reporter-output>
            <line>
              <![CDATA[Database Connection Closed]]>
            </line>
          </reporter-output>
        </test-method> <!-- AS -->
      </class> <!-- testNgBasics.BooksTest -->
    </test> <!-- Default test -->
  </suite> <!-- Default suite -->
</testng-results>
